<?xml version="1.0" encoding="UTF-8"?>
<!-- Generated by org.testng.reporters.JUnitReportReporter -->
<testsuite skipped="0" hostname="ankit-desktop" name="com.umbrella.ActiTime.loginpage.VerifyUserCanBuyWithRegisteredEmail" tests="1" failures="0" timestamp="09 Feb 2018 13:38:26 GMT" time="0.006" errors="0">
  <testcase name="testusercanloginwithvalidcredentials" time="0.006" classname="com.umbrella.ActiTime.loginpage.VerifyUserCanBuyWithRegisteredEmail"/>
</testsuite> <!-- com.umbrella.ActiTime.loginpage.VerifyUserCanBuyWithRegisteredEmail -->
